<?xml version="1.0" encoding="UTF-8"?>
<!-- Generated by org.testng.reporters.JUnitReportReporter -->
<testsuite hostname="IGNP-LPWDEV009" failures="0" tests="1" name="com.Sanity.tests.LoginTest" time="31.989" errors="0" timestamp="2024-04-30T20:28:52 IST" skipped="0">
  <testcase classname="com.Sanity.tests.LoginTest" name="userLogin" time="31.989"/>
  <system-out/>
</testsuite> <!-- com.Sanity.tests.LoginTest -->
