<?xml version="1.0" encoding="UTF-8"?>
<!-- Generated by org.testng.reporters.JUnitReportReporter -->
<testsuite hostname="Lap-748" name="com.Regression.tests.LoginTest" tests="1" failures="0" timestamp="19 Nov 2021 11:55:26 GMT" time="7.419" errors="0">
  <testcase name="userLogin" time="7.419" classname="com.Regression.tests.LoginTest"/>
</testsuite> <!-- com.Regression.tests.LoginTest -->
