<?xml version="1.0" encoding="UTF-8"?>
<!-- Generated by org.testng.reporters.JUnitReportReporter -->
<testsuite skipped="0" hostname="IGNP-LPWDEV0095" name="com.Sanity.tests.AddItemGroupTest" tests="1" failures="0" timestamp="2022-05-23T15:44:05 IST" time="26.268" errors="0">
  <testcase name="AddItemGroup" time="26.268" classname="com.Sanity.tests.AddItemGroupTest"/>
</testsuite> <!-- com.Sanity.tests.AddItemGroupTest -->
