<?xml version="1.0" encoding="UTF-8"?>
<!-- Generated by org.testng.reporters.JUnitReportReporter -->
<testsuite skipped="0" hostname="IGNP-LPWDEV0095" name="com.Sanity.tests.SearchOnHomePageTest" tests="1" failures="0" timestamp="2022-05-23T15:44:05 IST" time="13.735" errors="0">
  <testcase name="SearchHomePage" time="13.735" classname="com.Sanity.tests.SearchOnHomePageTest"/>
</testsuite> <!-- com.Sanity.tests.SearchOnHomePageTest -->
